<?xml version="1.0" encoding="UTF-8"?>
<!-- Generated by org.testng.reporters.JUnitReportReporter -->
<testsuite skipped="0" hostname="SAurabh-PC" name="webdriver.Test1" tests="1" failures="0" timestamp="2019-09-24T13:47:40 IST" time="11.831" errors="0">
  <testcase name="m" time="11.831" classname="webdriver.Test1"/>
</testsuite> <!-- webdriver.Test1 -->
