<?xml version="1.0" encoding="UTF-8"?>
<!-- Generated by org.testng.reporters.JUnitReportReporter -->
<testsuite skipped="0" hostname="SAurabh-PC" name="webdriver.Test1" tests="1" failures="0" timestamp="2019-09-25T13:30:34 IST" time="127.708" errors="0">
  <testcase name="m" time="127.708" classname="webdriver.Test1"/>
</testsuite> <!-- webdriver.Test1 -->
